Copyright 1986-2019 Xilinx, Inc. All Rights Reserved.
----------------------------------------------------------------------------------------------------------------------------------------------------
| Tool Version     : Vivado v.2019.2 (win64) Build 2708876 Wed Nov  6 21:40:23 MST 2019
| Date             : Thu Apr 23 14:46:02 2020
| Host             : DESKTOP-C55NBCU running 64-bit major release  (build 9200)
| Command          : report_power -file fft_8point_power_routed.rpt -pb fft_8point_power_summary_routed.pb -rpx fft_8point_power_routed.rpx
| Design           : fft_8point
| Device           : xc7a100tcsg324-1
| Design State     : routed
| Grade            : commercial
| Process          : typical
| Characterization : Production
----------------------------------------------------------------------------------------------------------------------------------------------------

Power Report

Table of Contents
-----------------
1. Summary
1.1 On-Chip Components
1.2 Power Supply Summary
1.3 Confidence Level
2. Settings
2.1 Environment
2.2 Clock Constraints
3. Detailed Reports
3.1 By Hierarchy

1. Summary
----------

+--------------------------+-----------------------------------+
| Total On-Chip Power (W)  | 137.085 (Junction temp exceeded!) |
| Design Power Budget (W)  | Unspecified*                      |
| Power Budget Margin (W)  | NA                                |
| Dynamic (W)              | 136.288                           |
| Device Static (W)        | 0.797                             |
| Effective TJA (C/W)      | 4.6                               |
| Max Ambient (C)          | 0.0                               |
| Junction Temperature (C) | 125.0                             |
| Confidence Level         | Low                               |
| Setting File             | ---                               |
| Simulation Activity File | ---                               |
| Design Nets Matched      | NA                                |
+--------------------------+-----------------------------------+
* Specify Design Power Budget using, set_operating_conditions -design_power_budget <value in Watts>


1.1 On-Chip Components
----------------------

+-------------------------+-----------+----------+-----------+-----------------+
| On-Chip                 | Power (W) | Used     | Available | Utilization (%) |
+-------------------------+-----------+----------+-----------+-----------------+
| Slice Logic             |    51.316 |   129407 |       --- |             --- |
|   LUT as Logic          |    39.424 |    32833 |     63400 |           51.79 |
|   Register              |     6.072 |    65140 |    126800 |           51.37 |
|   CARRY4                |     3.043 |     4880 |     15850 |           30.79 |
|   LUT as Shift Register |     2.524 |     1362 |     19000 |            7.17 |
|   F7/F8 Muxes           |     0.246 |      816 |     63400 |            1.29 |
|   BUFG                  |     0.007 |        2 |        32 |            6.25 |
|   Others                |     0.000 |    13196 |       --- |             --- |
| Signals                 |    72.110 |    84865 |       --- |             --- |
| DSPs                    |     3.109 |      144 |       240 |           60.00 |
| I/O                     |     9.753 |       24 |       210 |           11.43 |
| Static Power            |     0.797 |          |           |                 |
| Total                   |   137.085 |          |           |                 |
+-------------------------+-----------+----------+-----------+-----------------+


1.2 Power Supply Summary
------------------------

+-----------+-------------+-----------+-------------+------------+
| Source    | Voltage (V) | Total (A) | Dynamic (A) | Static (A) |
+-----------+-------------+-----------+-------------+------------+
| Vccint    |       1.000 |   127.129 |     126.567 |      0.563 |
| Vccaux    |       1.800 |     0.449 |       0.356 |      0.093 |
| Vcco33    |       3.300 |     2.756 |       2.752 |      0.004 |
| Vcco25    |       2.500 |     0.000 |       0.000 |      0.000 |
| Vcco18    |       1.800 |     0.000 |       0.000 |      0.000 |
| Vcco15    |       1.500 |     0.000 |       0.000 |      0.000 |
| Vcco135   |       1.350 |     0.000 |       0.000 |      0.000 |
| Vcco12    |       1.200 |     0.000 |       0.000 |      0.000 |
| Vccaux_io |       1.800 |     0.000 |       0.000 |      0.000 |
| Vccbram   |       1.000 |     0.018 |       0.000 |      0.018 |
| MGTAVcc   |       1.000 |     0.000 |       0.000 |      0.000 |
| MGTAVtt   |       1.200 |     0.000 |       0.000 |      0.000 |
| Vccadc    |       1.800 |     0.020 |       0.000 |      0.020 |
+-----------+-------------+-----------+-------------+------------+


1.3 Confidence Level
--------------------

+-----------------------------+------------+--------------------------------------------------------+--------------------------------------------------------------------------------------------------------------------+
| User Input Data             | Confidence | Details                                                | Action                                                                                                             |
+-----------------------------+------------+--------------------------------------------------------+--------------------------------------------------------------------------------------------------------------------+
| Design implementation state | High       | Design is routed                                       |                                                                                                                    |
| Clock nodes activity        | Low        | User specified less than 75% of clocks                 | Provide missing clock activity with a constraint file, simulation results or by editing the "By Clock Domain" view |
| I/O nodes activity          | Low        | More than 75% of inputs are missing user specification | Provide missing input activity with simulation results or by editing the "By Resource Type -> I/Os" view           |
| Internal nodes activity     | Medium     | User specified less than 25% of internal nodes         | Provide missing internal nodes activity with simulation results or by editing the "By Resource Type" views         |
| Device models               | High       | Device models are Production                           |                                                                                                                    |
|                             |            |                                                        |                                                                                                                    |
| Overall confidence level    | Low        |                                                        |                                                                                                                    |
+-----------------------------+------------+--------------------------------------------------------+--------------------------------------------------------------------------------------------------------------------+


2. Settings
-----------

2.1 Environment
---------------

+-----------------------+--------------------------+
| Ambient Temp (C)      | 25.0                     |
| ThetaJA (C/W)         | 4.6                      |
| Airflow (LFM)         | 250                      |
| Heat Sink             | medium (Medium Profile)  |
| ThetaSA (C/W)         | 4.6                      |
| Board Selection       | medium (10"x10")         |
| # of Board Layers     | 12to15 (12 to 15 Layers) |
| Board Temperature (C) | 25.0                     |
+-----------------------+--------------------------+


2.2 Clock Constraints
---------------------

+-------+--------+-----------------+
| Clock | Domain | Constraint (ns) |
+-------+--------+-----------------+


3. Detailed Reports
-------------------

3.1 By Hierarchy
----------------

+------------------------------------------+-----------+
| Name                                     | Power (W) |
+------------------------------------------+-----------+
| fft_8point                               |   136.288 |
|   display                                |     4.341 |
|     display                              |     4.341 |
|   stage1_gen[0].butterfly1               |     2.409 |
|     addition_gen[0].addition             |     1.195 |
|       U0                                 |     1.195 |
|     addition_gen[1].addition             |     0.006 |
|       U0                                 |     0.006 |
|     addition_gen[2].addition             |     0.006 |
|       U0                                 |     0.006 |
|     addition_gen[3].addition             |     0.005 |
|       U0                                 |     0.005 |
|     multiplication_gen[0].multiplication |     0.012 |
|       U0                                 |     0.012 |
|     multiplication_gen[1].multiplication |     0.008 |
|       U0                                 |     0.008 |
|     multiplication_gen[2].multiplication |     0.011 |
|       U0                                 |     0.011 |
|     multiplication_gen[3].multiplication |     0.009 |
|       U0                                 |     0.009 |
|     subtraction_gen[0].subtraction       |     0.007 |
|       U0                                 |     0.007 |
|     subtraction_gen[1].subtraction       |     1.134 |
|       U0                                 |     1.134 |
|     subtraction_gen[2].subtraction       |     0.008 |
|       U0                                 |     0.008 |
|     subtraction_gen[3].subtraction       |     0.007 |
|       U0                                 |     0.007 |
|   stage1_gen[1].butterfly1               |     0.374 |
|     addition_gen[0].addition             |     0.006 |
|       U0                                 |     0.006 |
|     addition_gen[1].addition             |     0.145 |
|       U0                                 |     0.145 |
|     addition_gen[2].addition             |     0.006 |
|       U0                                 |     0.006 |
|     addition_gen[3].addition             |     0.006 |
|       U0                                 |     0.006 |
|     multiplication_gen[0].multiplication |     0.011 |
|       U0                                 |     0.011 |
|     multiplication_gen[1].multiplication |     0.009 |
|       U0                                 |     0.009 |
|     multiplication_gen[2].multiplication |     0.012 |
|       U0                                 |     0.012 |
|     multiplication_gen[3].multiplication |     0.008 |
|       U0                                 |     0.008 |
|     subtraction_gen[0].subtraction       |     0.006 |
|       U0                                 |     0.006 |
|     subtraction_gen[1].subtraction       |     0.006 |
|       U0                                 |     0.006 |
|     subtraction_gen[2].subtraction       |     0.007 |
|       U0                                 |     0.007 |
|     subtraction_gen[3].subtraction       |     0.152 |
|       U0                                 |     0.152 |
|   stage1_gen[2].butterfly1               |     3.058 |
|     addition_gen[0].addition             |     0.335 |
|       U0                                 |     0.335 |
|     addition_gen[1].addition             |     0.375 |
|       U0                                 |     0.375 |
|     addition_gen[2].addition             |     0.445 |
|       U0                                 |     0.445 |
|     addition_gen[3].addition             |     0.461 |
|       U0                                 |     0.461 |
|     multiplication_gen[0].multiplication |     0.011 |
|       U0                                 |     0.011 |
|     multiplication_gen[1].multiplication |     0.071 |
|       U0                                 |     0.071 |
|     multiplication_gen[2].multiplication |     0.137 |
|       U0                                 |     0.137 |
|     multiplication_gen[3].multiplication |     0.009 |
|       U0                                 |     0.009 |
|     subtraction_gen[0].subtraction       |     0.217 |
|       U0                                 |     0.217 |
|     subtraction_gen[1].subtraction       |     0.333 |
|       U0                                 |     0.333 |
|     subtraction_gen[2].subtraction       |     0.223 |
|       U0                                 |     0.223 |
|     subtraction_gen[3].subtraction       |     0.440 |
|       U0                                 |     0.440 |
|   stage1_gen[3].butterfly1               |     3.798 |
|     addition_gen[0].addition             |     0.823 |
|       U0                                 |     0.823 |
|     addition_gen[1].addition             |     0.277 |
|       U0                                 |     0.277 |
|     addition_gen[2].addition             |     0.266 |
|       U0                                 |     0.266 |
|     addition_gen[3].addition             |     0.274 |
|       U0                                 |     0.274 |
|     multiplication_gen[0].multiplication |     0.136 |
|       U0                                 |     0.136 |
|     multiplication_gen[1].multiplication |     0.009 |
|       U0                                 |     0.009 |
|     multiplication_gen[2].multiplication |     0.010 |
|       U0                                 |     0.010 |
|     multiplication_gen[3].multiplication |     0.074 |
|       U0                                 |     0.074 |
|     subtraction_gen[0].subtraction       |     0.424 |
|       U0                                 |     0.424 |
|     subtraction_gen[1].subtraction       |     0.756 |
|       U0                                 |     0.756 |
|     subtraction_gen[2].subtraction       |     0.438 |
|       U0                                 |     0.438 |
|     subtraction_gen[3].subtraction       |     0.310 |
|       U0                                 |     0.310 |
|   stage2_gen1[0].butterfly2              |     6.697 |
|     addition_gen[0].addition             |     1.671 |
|       U0                                 |     1.671 |
|     addition_gen[1].addition             |     0.690 |
|       U0                                 |     0.690 |
|     addition_gen[2].addition             |     0.435 |
|       U0                                 |     0.435 |
|     addition_gen[3].addition             |     0.396 |
|       U0                                 |     0.396 |
|     multiplication_gen[0].multiplication |     0.054 |
|       U0                                 |     0.054 |
|     multiplication_gen[1].multiplication |     0.040 |
|       U0                                 |     0.040 |
|     multiplication_gen[2].multiplication |     0.063 |
|       U0                                 |     0.063 |
|     multiplication_gen[3].multiplication |     0.038 |
|       U0                                 |     0.038 |
|     subtraction_gen[0].subtraction       |     0.415 |
|       U0                                 |     0.415 |
|     subtraction_gen[1].subtraction       |     1.755 |
|       U0                                 |     1.755 |
|     subtraction_gen[2].subtraction       |     0.413 |
|       U0                                 |     0.413 |
|     subtraction_gen[3].subtraction       |     0.727 |
|       U0                                 |     0.727 |
|   stage2_gen1[1].butterfly2              |     6.483 |
|     addition_gen[0].addition             |     1.071 |
|       U0                                 |     1.071 |
|     addition_gen[1].addition             |     0.834 |
|       U0                                 |     0.834 |
|     addition_gen[2].addition             |     0.470 |
|       U0                                 |     0.470 |
|     addition_gen[3].addition             |     0.474 |
|       U0                                 |     0.474 |
|     multiplication_gen[0].multiplication |     0.155 |
|       U0                                 |     0.155 |
|     multiplication_gen[1].multiplication |     0.034 |
|       U0                                 |     0.034 |
|     multiplication_gen[2].multiplication |     0.053 |
|       U0                                 |     0.053 |
|     multiplication_gen[3].multiplication |     0.083 |
|       U0                                 |     0.083 |
|     subtraction_gen[0].subtraction       |     0.706 |
|       U0                                 |     0.706 |
|     subtraction_gen[1].subtraction       |     1.051 |
|       U0                                 |     1.051 |
|     subtraction_gen[2].subtraction       |     0.703 |
|       U0                                 |     0.703 |
|     subtraction_gen[3].subtraction       |     0.848 |
|       U0                                 |     0.848 |
|   stage2_gen2[4].butterfly2              |     6.857 |
|     addition_gen[0].addition             |     1.583 |
|       U0                                 |     1.583 |
|     addition_gen[1].addition             |     0.791 |
|       U0                                 |     0.791 |
|     addition_gen[2].addition             |     0.448 |
|       U0                                 |     0.448 |
|     addition_gen[3].addition             |     0.466 |
|       U0                                 |     0.466 |
|     multiplication_gen[0].multiplication |     0.045 |
|       U0                                 |     0.045 |
|     multiplication_gen[1].multiplication |     0.080 |
|       U0                                 |     0.080 |
|     multiplication_gen[2].multiplication |     0.048 |
|       U0                                 |     0.048 |
|     multiplication_gen[3].multiplication |     0.071 |
|       U0                                 |     0.071 |
|     subtraction_gen[0].subtraction       |     0.443 |
|       U0                                 |     0.443 |
|     subtraction_gen[1].subtraction       |     1.680 |
|       U0                                 |     1.680 |
|     subtraction_gen[2].subtraction       |     0.440 |
|       U0                                 |     0.440 |
|     subtraction_gen[3].subtraction       |     0.762 |
|       U0                                 |     0.762 |
|   stage2_gen2[5].butterfly2              |     5.860 |
|     addition_gen[0].addition             |     0.740 |
|       U0                                 |     0.740 |
|     addition_gen[1].addition             |     0.767 |
|       U0                                 |     0.767 |
|     addition_gen[2].addition             |     0.606 |
|       U0                                 |     0.606 |
|     addition_gen[3].addition             |     0.609 |
|       U0                                 |     0.609 |
|     multiplication_gen[0].multiplication |     0.104 |
|       U0                                 |     0.104 |
|     multiplication_gen[1].multiplication |     0.058 |
|       U0                                 |     0.058 |
|     multiplication_gen[2].multiplication |     0.038 |
|       U0                                 |     0.038 |
|     multiplication_gen[3].multiplication |     0.188 |
|       U0                                 |     0.188 |
|     subtraction_gen[0].subtraction       |     0.633 |
|       U0                                 |     0.633 |
|     subtraction_gen[1].subtraction       |     0.733 |
|       U0                                 |     0.733 |
|     subtraction_gen[2].subtraction       |     0.638 |
|       U0                                 |     0.638 |
|     subtraction_gen[3].subtraction       |     0.748 |
|       U0                                 |     0.748 |
|   stage3_gen[0].butterfly3               |    11.626 |
|     addition_gen[0].addition             |     1.822 |
|       U0                                 |     1.822 |
|     addition_gen[1].addition             |     1.632 |
|       U0                                 |     1.632 |
|     addition_gen[2].addition             |     0.968 |
|       U0                                 |     0.968 |
|     addition_gen[3].addition             |     0.960 |
|       U0                                 |     0.960 |
|     multiplication_gen[0].multiplication |     0.209 |
|       U0                                 |     0.209 |
|     multiplication_gen[1].multiplication |     0.134 |
|       U0                                 |     0.134 |
|     multiplication_gen[2].multiplication |     0.204 |
|       U0                                 |     0.204 |
|     multiplication_gen[3].multiplication |     0.154 |
|       U0                                 |     0.154 |
|     subtraction_gen[0].subtraction       |     0.984 |
|       U0                                 |     0.984 |
|     subtraction_gen[1].subtraction       |     1.866 |
|       U0                                 |     1.866 |
|     subtraction_gen[2].subtraction       |     1.003 |
|       U0                                 |     1.003 |
|     subtraction_gen[3].subtraction       |     1.689 |
|       U0                                 |     1.689 |
|   stage3_gen[1].butterfly3               |    11.458 |
|     addition_gen[0].addition             |     1.848 |
|       U0                                 |     1.848 |
|     addition_gen[1].addition             |     1.654 |
|       U0                                 |     1.654 |
|     addition_gen[2].addition             |     0.921 |
|       U0                                 |     0.921 |
|     addition_gen[3].addition             |     0.950 |
|       U0                                 |     0.950 |
|     multiplication_gen[0].multiplication |     0.150 |
|       U0                                 |     0.150 |
|     multiplication_gen[1].multiplication |     0.173 |
|       U0                                 |     0.173 |
|     multiplication_gen[2].multiplication |     0.141 |
|       U0                                 |     0.141 |
|     multiplication_gen[3].multiplication |     0.223 |
|       U0                                 |     0.223 |
|     subtraction_gen[0].subtraction       |     0.925 |
|       U0                                 |     0.925 |
|     subtraction_gen[1].subtraction       |     1.762 |
|       U0                                 |     1.762 |
|     subtraction_gen[2].subtraction       |     0.944 |
|       U0                                 |     0.944 |
|     subtraction_gen[3].subtraction       |     1.767 |
|       U0                                 |     1.767 |
|   stage3_gen[2].butterfly3               |    23.230 |
|     addition_gen[0].addition             |     2.788 |
|       U0                                 |     2.788 |
|     addition_gen[1].addition             |     2.360 |
|       U0                                 |     2.360 |
|     addition_gen[2].addition             |     1.721 |
|       U0                                 |     1.721 |
|     addition_gen[3].addition             |     1.690 |
|       U0                                 |     1.690 |
|     multiplication_gen[0].multiplication |     0.252 |
|       U0                                 |     0.252 |
|     multiplication_gen[1].multiplication |     0.254 |
|       U0                                 |     0.254 |
|     multiplication_gen[2].multiplication |     0.231 |
|       U0                                 |     0.231 |
|     multiplication_gen[3].multiplication |     0.236 |
|       U0                                 |     0.236 |
|     subtraction_gen[0].subtraction       |     1.662 |
|       U0                                 |     1.662 |
|     subtraction_gen[1].subtraction       |     5.314 |
|       U0                                 |     5.314 |
|     subtraction_gen[2].subtraction       |     1.754 |
|       U0                                 |     1.754 |
|     subtraction_gen[3].subtraction       |     4.968 |
|       U0                                 |     4.968 |
|   stage3_gen[3].butterfly3               |    23.583 |
|     addition_gen[0].addition             |     5.497 |
|       U0                                 |     5.497 |
|     addition_gen[1].addition             |     4.873 |
|       U0                                 |     4.873 |
|     addition_gen[2].addition             |     1.761 |
|       U0                                 |     1.761 |
|     addition_gen[3].addition             |     1.754 |
|       U0                                 |     1.754 |
|     multiplication_gen[0].multiplication |     0.234 |
|       U0                                 |     0.234 |
|     multiplication_gen[1].multiplication |     0.232 |
|       U0                                 |     0.232 |
|     multiplication_gen[2].multiplication |     0.234 |
|       U0                                 |     0.234 |
|     multiplication_gen[3].multiplication |     0.217 |
|       U0                                 |     0.217 |
|     subtraction_gen[0].subtraction       |     1.760 |
|       U0                                 |     1.760 |
|     subtraction_gen[1].subtraction       |     2.934 |
|       U0                                 |     2.934 |
|     subtraction_gen[2].subtraction       |     1.692 |
|       U0                                 |     1.692 |
|     subtraction_gen[3].subtraction       |     2.395 |
|       U0                                 |     2.395 |
+------------------------------------------+-----------+


