Vivado Simulator 2019.2
Time resolution is 1 ps
Warning: OPMODE Input Warning : The OPMODE 0110X0X with CARRYINSEL  000 to DSP48E1 instance is invalid.
Time: 156605 ps  Iteration: 4  Process: /fft_testbench/dut/\stage3_gen(1)\/butterfly3/\addition_gen(2)\/addition/U0/i_synth/addsub_op/ADDSUB/dsp/OP/dsp48e1_body/ALIGN_ADD/DSP2/DSP/prcs_opmode_drc  File: C:\Users\kptho\Documents\Vivado\2019.2\data/vhdl/src/unisims/primitive/DSP48E1.vhd
Warning: OPMODE Input Warning : The OPMODE 0110X0X with CARRYINSEL  000 to DSP48E1 instance is invalid.
Time: 156605 ps  Iteration: 4  Process: /fft_testbench/dut/\stage3_gen(1)\/butterfly3/\addition_gen(3)\/addition/U0/i_synth/addsub_op/ADDSUB/dsp/OP/dsp48e1_body/ALIGN_ADD/DSP2/DSP/prcs_opmode_drc  File: C:\Users\kptho\Documents\Vivado\2019.2\data/vhdl/src/unisims/primitive/DSP48E1.vhd
Warning: OPMODE Input Warning : The OPMODE 0110X0X with CARRYINSEL  000 to DSP48E1 instance is invalid.
Time: 156605 ps  Iteration: 4  Process: /fft_testbench/dut/\stage3_gen(2)\/butterfly3/\addition_gen(2)\/addition/U0/i_synth/addsub_op/ADDSUB/dsp/OP/dsp48e1_body/ALIGN_ADD/DSP2/DSP/prcs_opmode_drc  File: C:\Users\kptho\Documents\Vivado\2019.2\data/vhdl/src/unisims/primitive/DSP48E1.vhd
Warning: OPMODE Input Warning : The OPMODE 0110X0X with CARRYINSEL  000 to DSP48E1 instance is invalid.
Time: 156605 ps  Iteration: 4  Process: /fft_testbench/dut/\stage3_gen(2)\/butterfly3/\addition_gen(3)\/addition/U0/i_synth/addsub_op/ADDSUB/dsp/OP/dsp48e1_body/ALIGN_ADD/DSP2/DSP/prcs_opmode_drc  File: C:\Users\kptho\Documents\Vivado\2019.2\data/vhdl/src/unisims/primitive/DSP48E1.vhd
Warning: OPMODE Input Warning : The OPMODE 0110X0X with CARRYINSEL  000 to DSP48E1 instance is invalid.
Time: 186593 ps  Iteration: 4  Process: /fft_testbench/dut/\stage3_gen(1)\/butterfly3/\addition_gen(2)\/addition/U0/i_synth/addsub_op/ADDSUB/dsp/OP/dsp48e1_body/ALIGN_ADD/DSP2/DSP/prcs_opmode_drc  File: C:\Users\kptho\Documents\Vivado\2019.2\data/vhdl/src/unisims/primitive/DSP48E1.vhd
Warning: OPMODE Input Warning : The OPMODE 0110X0X with CARRYINSEL  000 to DSP48E1 instance is invalid.
Time: 186593 ps  Iteration: 4  Process: /fft_testbench/dut/\stage3_gen(1)\/butterfly3/\addition_gen(3)\/addition/U0/i_synth/addsub_op/ADDSUB/dsp/OP/dsp48e1_body/ALIGN_ADD/DSP2/DSP/prcs_opmode_drc  File: C:\Users\kptho\Documents\Vivado\2019.2\data/vhdl/src/unisims/primitive/DSP48E1.vhd
Warning: OPMODE Input Warning : The OPMODE 0110X0X with CARRYINSEL  000 to DSP48E1 instance is invalid.
Time: 186593 ps  Iteration: 4  Process: /fft_testbench/dut/\stage3_gen(2)\/butterfly3/\addition_gen(2)\/addition/U0/i_synth/addsub_op/ADDSUB/dsp/OP/dsp48e1_body/ALIGN_ADD/DSP2/DSP/prcs_opmode_drc  File: C:\Users\kptho\Documents\Vivado\2019.2\data/vhdl/src/unisims/primitive/DSP48E1.vhd
Warning: OPMODE Input Warning : The OPMODE 0110X0X with CARRYINSEL  000 to DSP48E1 instance is invalid.
Time: 186593 ps  Iteration: 4  Process: /fft_testbench/dut/\stage3_gen(2)\/butterfly3/\addition_gen(3)\/addition/U0/i_synth/addsub_op/ADDSUB/dsp/OP/dsp48e1_body/ALIGN_ADD/DSP2/DSP/prcs_opmode_drc  File: C:\Users\kptho\Documents\Vivado\2019.2\data/vhdl/src/unisims/primitive/DSP48E1.vhd
Warning: OPMODE Input Warning : The OPMODE 0110X0X with CARRYINSEL  000 to DSP48E1 instance is invalid.
Time: 226577 ps  Iteration: 4  Process: /fft_testbench/dut/\stage3_gen(1)\/butterfly3/\addition_gen(2)\/addition/U0/i_synth/addsub_op/ADDSUB/dsp/OP/dsp48e1_body/ALIGN_ADD/DSP2/DSP/prcs_opmode_drc  File: C:\Users\kptho\Documents\Vivado\2019.2\data/vhdl/src/unisims/primitive/DSP48E1.vhd
Warning: OPMODE Input Warning : The OPMODE 0110X0X with CARRYINSEL  000 to DSP48E1 instance is invalid.
Time: 226577 ps  Iteration: 4  Process: /fft_testbench/dut/\stage3_gen(1)\/butterfly3/\addition_gen(3)\/addition/U0/i_synth/addsub_op/ADDSUB/dsp/OP/dsp48e1_body/ALIGN_ADD/DSP2/DSP/prcs_opmode_drc  File: C:\Users\kptho\Documents\Vivado\2019.2\data/vhdl/src/unisims/primitive/DSP48E1.vhd
Warning: OPMODE Input Warning : The OPMODE 0110X0X with CARRYINSEL  000 to DSP48E1 instance is invalid.
Time: 226577 ps  Iteration: 4  Process: /fft_testbench/dut/\stage3_gen(2)\/butterfly3/\addition_gen(2)\/addition/U0/i_synth/addsub_op/ADDSUB/dsp/OP/dsp48e1_body/ALIGN_ADD/DSP2/DSP/prcs_opmode_drc  File: C:\Users\kptho\Documents\Vivado\2019.2\data/vhdl/src/unisims/primitive/DSP48E1.vhd
Warning: OPMODE Input Warning : The OPMODE 0110X0X with CARRYINSEL  000 to DSP48E1 instance is invalid.
Time: 226577 ps  Iteration: 4  Process: /fft_testbench/dut/\stage3_gen(2)\/butterfly3/\addition_gen(3)\/addition/U0/i_synth/addsub_op/ADDSUB/dsp/OP/dsp48e1_body/ALIGN_ADD/DSP2/DSP/prcs_opmode_drc  File: C:\Users\kptho\Documents\Vivado\2019.2\data/vhdl/src/unisims/primitive/DSP48E1.vhd
Warning: OPMODE Input Warning : The OPMODE 0110X0X with CARRYINSEL  000 to DSP48E1 instance is invalid.
Time: 239905 ps  Iteration: 4  Process: /fft_testbench/dut/\stage3_gen(2)\/butterfly3/\subtraction_gen(0)\/subtraction/U0/i_synth/addsub_op/ADDSUB/dsp/OP/dsp48e1_body/ALIGN_ADD/DSP2/DSP/prcs_opmode_drc  File: C:\Users\kptho\Documents\Vivado\2019.2\data/vhdl/src/unisims/primitive/DSP48E1.vhd
Warning: OPMODE Input Warning : The OPMODE 0110X0X with CARRYINSEL  000 to DSP48E1 instance is invalid.
Time: 239905 ps  Iteration: 4  Process: /fft_testbench/dut/\stage3_gen(2)\/butterfly3/\subtraction_gen(2)\/subtraction/U0/i_synth/addsub_op/ADDSUB/dsp/OP/dsp48e1_body/ALIGN_ADD/DSP2/DSP/prcs_opmode_drc  File: C:\Users\kptho\Documents\Vivado\2019.2\data/vhdl/src/unisims/primitive/DSP48E1.vhd
Warning: OPMODE Input Warning : The OPMODE 0110X0X with CARRYINSEL  000 to DSP48E1 instance is invalid.
Time: 246569 ps  Iteration: 4  Process: /fft_testbench/dut/\stage3_gen(2)\/butterfly3/\subtraction_gen(0)\/subtraction/U0/i_synth/addsub_op/ADDSUB/dsp/OP/dsp48e1_body/ALIGN_ADD/DSP2/DSP/prcs_opmode_drc  File: C:\Users\kptho\Documents\Vivado\2019.2\data/vhdl/src/unisims/primitive/DSP48E1.vhd
Warning: OPMODE Input Warning : The OPMODE 0110X0X with CARRYINSEL  000 to DSP48E1 instance is invalid.
Time: 246569 ps  Iteration: 4  Process: /fft_testbench/dut/\stage3_gen(2)\/butterfly3/\subtraction_gen(2)\/subtraction/U0/i_synth/addsub_op/ADDSUB/dsp/OP/dsp48e1_body/ALIGN_ADD/DSP2/DSP/prcs_opmode_drc  File: C:\Users\kptho\Documents\Vivado\2019.2\data/vhdl/src/unisims/primitive/DSP48E1.vhd
Warning: OPMODE Input Warning : The OPMODE 0110X0X with CARRYINSEL  000 to DSP48E1 instance is invalid.
Time: 263229 ps  Iteration: 4  Process: /fft_testbench/dut/\stage3_gen(1)\/butterfly3/\addition_gen(2)\/addition/U0/i_synth/addsub_op/ADDSUB/dsp/OP/dsp48e1_body/ALIGN_ADD/DSP2/DSP/prcs_opmode_drc  File: C:\Users\kptho\Documents\Vivado\2019.2\data/vhdl/src/unisims/primitive/DSP48E1.vhd
Warning: OPMODE Input Warning : The OPMODE 0110X0X with CARRYINSEL  000 to DSP48E1 instance is invalid.
Time: 263229 ps  Iteration: 4  Process: /fft_testbench/dut/\stage3_gen(1)\/butterfly3/\addition_gen(3)\/addition/U0/i_synth/addsub_op/ADDSUB/dsp/OP/dsp48e1_body/ALIGN_ADD/DSP2/DSP/prcs_opmode_drc  File: C:\Users\kptho\Documents\Vivado\2019.2\data/vhdl/src/unisims/primitive/DSP48E1.vhd
