Vivado Simulator 2017.4
Copyright 1986-1999, 2001-2016 Xilinx, Inc. All Rights Reserved.
Running: C:/Xilinx/Vivado/2017.4/bin/unwrapped/win64.o/xelab.exe -wto c04997fac33d4007a745dbbccccd04fb --incr --debug typical --relax --mt 2 -L xil_defaultlib -L secureip --snapshot add_sub_test_func_synth xil_defaultlib.add_sub_test -log elaborate.log 
Using 2 slave threads.
Starting static elaboration
Completed static elaboration
Starting simulation data flow analysis
Completed simulation data flow analysis
Time Resolution for simulation is 1ps
Compiling package std.standard
Compiling package std.textio
Compiling package ieee.std_logic_1164
Compiling package unisim.vcomponents
Compiling package ieee.vital_timing
Compiling package ieee.vital_primitives
Compiling package unisim.vpkg
Compiling architecture ibuf_v of entity unisim.IBUF [\IBUF(1,9)(1,1)(1,4)(1,7)\]
Compiling architecture obuf_v of entity unisim.OBUF [\OBUF(1,9)(1,7)(1,4)\]
Compiling architecture lut6_v of entity unisim.LUT6 [\LUT6(init="00100100001000100001...]
Compiling architecture lut6_v of entity unisim.LUT6 [\LUT6(init="10000000000001000000...]
Compiling architecture lut3_v of entity unisim.LUT3 [\LUT3(init="10010110")(0,7)\]
Compiling architecture lut5_v of entity unisim.LUT5 [\LUT5(init="10000101001000000010...]
Compiling architecture lut6_v of entity unisim.LUT6 [\LUT6(init="10111110001110101011...]
Compiling architecture lut2_v of entity unisim.LUT2 [\LUT2(init="0110")(0,3)\]
Compiling architecture lut5_v of entity unisim.LUT5 [\LUT5(init="01100110100101101001...]
Compiling architecture lut4_v of entity unisim.LUT4 [\LUT4(init="0110100110010110")(0...]
Compiling architecture lut6_v of entity unisim.LUT6 [\LUT6(init="01101001011001101001...]
Compiling architecture lut5_v of entity unisim.LUT5 [\LUT5(init="10111110001010001010...]
Compiling architecture structure of entity xil_defaultlib.add_sub [add_sub_default]
Compiling architecture behavioral of entity xil_defaultlib.add_sub_test
Built simulation snapshot add_sub_test_func_synth
