
*** Running vivado
    with args -log dist_mem_gen_0.vds -m64 -product Vivado -mode batch -messageDb vivado.pb -notrace -source dist_mem_gen_0.tcl


****** Vivado v2017.4 (64-bit)
  **** SW Build 2086221 on Fri Dec 15 20:55:39 MST 2017
  **** IP Build 2085800 on Fri Dec 15 22:25:07 MST 2017
    ** Copyright 1986-2017 Xilinx, Inc. All Rights Reserved.

source dist_mem_gen_0.tcl -notrace
Command: synth_design -top dist_mem_gen_0 -part xc7a100tcsg324-1 -mode out_of_context
Starting synth_design
Attempting to get a license for feature 'Synthesis' and/or device 'xc7a100t'
INFO: [Common 17-349] Got license for feature 'Synthesis' and/or device 'xc7a100t'
INFO: Launching helper process for spawning children vivado processes
INFO: Helper process launched with PID 20300 
---------------------------------------------------------------------------------
Starting RTL Elaboration : Time (s): cpu = 00:00:05 ; elapsed = 00:00:06 . Memory (MB): peak = 400.656 ; gain = 98.094
---------------------------------------------------------------------------------
INFO: [Synth 8-638] synthesizing module 'dist_mem_gen_0' [z:/ee26/lab2/lab2/lab2.srcs/sources_1/ip/dist_mem_gen_0/synth/dist_mem_gen_0.vhd:66]
	Parameter C_FAMILY bound to: artix7 - type: string 
	Parameter C_ADDR_WIDTH bound to: 4 - type: integer 
	Parameter C_DEFAULT_DATA bound to: 0 - type: string 
	Parameter C_DEPTH bound to: 16 - type: integer 
	Parameter C_HAS_CLK bound to: 0 - type: integer 
	Parameter C_HAS_D bound to: 0 - type: integer 
	Parameter C_HAS_DPO bound to: 0 - type: integer 
	Parameter C_HAS_DPRA bound to: 0 - type: integer 
	Parameter C_HAS_I_CE bound to: 0 - type: integer 
	Parameter C_HAS_QDPO bound to: 0 - type: integer 
	Parameter C_HAS_QDPO_CE bound to: 0 - type: integer 
	Parameter C_HAS_QDPO_CLK bound to: 0 - type: integer 
	Parameter C_HAS_QDPO_RST bound to: 0 - type: integer 
	Parameter C_HAS_QDPO_SRST bound to: 0 - type: integer 
	Parameter C_HAS_QSPO bound to: 0 - type: integer 
	Parameter C_HAS_QSPO_CE bound to: 0 - type: integer 
	Parameter C_HAS_QSPO_RST bound to: 0 - type: integer 
	Parameter C_HAS_QSPO_SRST bound to: 0 - type: integer 
	Parameter C_HAS_SPO bound to: 1 - type: integer 
	Parameter C_HAS_WE bound to: 0 - type: integer 
	Parameter C_MEM_INIT_FILE bound to: no_coe_file_loaded - type: string 
	Parameter C_ELABORATION_DIR bound to: ./ - type: string 
	Parameter C_MEM_TYPE bound to: 0 - type: integer 
	Parameter C_PIPELINE_STAGES bound to: 0 - type: integer 
	Parameter C_QCE_JOINED bound to: 0 - type: integer 
	Parameter C_QUALIFY_WE bound to: 0 - type: integer 
	Parameter C_READ_MIF bound to: 0 - type: integer 
	Parameter C_REG_A_D_INPUTS bound to: 0 - type: integer 
	Parameter C_REG_DPRA_INPUT bound to: 0 - type: integer 
	Parameter C_SYNC_ENABLE bound to: 1 - type: integer 
	Parameter C_WIDTH bound to: 16 - type: integer 
	Parameter C_PARSER_TYPE bound to: 1 - type: integer 
INFO: [Synth 8-3491] module 'dist_mem_gen_v8_0_12' declared at 'z:/ee26/lab2/lab2/lab2.srcs/sources_1/ip/dist_mem_gen_0/hdl/dist_mem_gen_v8_0_vhsyn_rfs.vhd:3237' bound to instance 'U0' of component 'dist_mem_gen_v8_0_12' [z:/ee26/lab2/lab2/lab2.srcs/sources_1/ip/dist_mem_gen_0/synth/dist_mem_gen_0.vhd:132]
INFO: [Synth 8-256] done synthesizing module 'dist_mem_gen_0' (4#1) [z:/ee26/lab2/lab2/lab2.srcs/sources_1/ip/dist_mem_gen_0/synth/dist_mem_gen_0.vhd:66]
WARNING: [Synth 8-3331] design rom has unconnected port qspo[15]
WARNING: [Synth 8-3331] design rom has unconnected port qspo[14]
WARNING: [Synth 8-3331] design rom has unconnected port qspo[13]
WARNING: [Synth 8-3331] design rom has unconnected port qspo[12]
WARNING: [Synth 8-3331] design rom has unconnected port qspo[11]
WARNING: [Synth 8-3331] design rom has unconnected port qspo[10]
WARNING: [Synth 8-3331] design rom has unconnected port qspo[9]
WARNING: [Synth 8-3331] design rom has unconnected port qspo[8]
WARNING: [Synth 8-3331] design rom has unconnected port qspo[7]
WARNING: [Synth 8-3331] design rom has unconnected port qspo[6]
WARNING: [Synth 8-3331] design rom has unconnected port qspo[5]
WARNING: [Synth 8-3331] design rom has unconnected port qspo[4]
WARNING: [Synth 8-3331] design rom has unconnected port qspo[3]
WARNING: [Synth 8-3331] design rom has unconnected port qspo[2]
WARNING: [Synth 8-3331] design rom has unconnected port qspo[1]
WARNING: [Synth 8-3331] design rom has unconnected port qspo[0]
WARNING: [Synth 8-3331] design rom has unconnected port a[3]
WARNING: [Synth 8-3331] design rom has unconnected port a[2]
WARNING: [Synth 8-3331] design rom has unconnected port a[1]
WARNING: [Synth 8-3331] design rom has unconnected port a[0]
WARNING: [Synth 8-3331] design rom has unconnected port clk
WARNING: [Synth 8-3331] design rom has unconnected port qspo_ce
WARNING: [Synth 8-3331] design rom has unconnected port qspo_rst
WARNING: [Synth 8-3331] design rom has unconnected port qspo_srst
WARNING: [Synth 8-3331] design dist_mem_gen_v8_0_12_synth has unconnected port dpo[15]
WARNING: [Synth 8-3331] design dist_mem_gen_v8_0_12_synth has unconnected port dpo[14]
WARNING: [Synth 8-3331] design dist_mem_gen_v8_0_12_synth has unconnected port dpo[13]
WARNING: [Synth 8-3331] design dist_mem_gen_v8_0_12_synth has unconnected port dpo[12]
WARNING: [Synth 8-3331] design dist_mem_gen_v8_0_12_synth has unconnected port dpo[11]
WARNING: [Synth 8-3331] design dist_mem_gen_v8_0_12_synth has unconnected port dpo[10]
WARNING: [Synth 8-3331] design dist_mem_gen_v8_0_12_synth has unconnected port dpo[9]
WARNING: [Synth 8-3331] design dist_mem_gen_v8_0_12_synth has unconnected port dpo[8]
WARNING: [Synth 8-3331] design dist_mem_gen_v8_0_12_synth has unconnected port dpo[7]
WARNING: [Synth 8-3331] design dist_mem_gen_v8_0_12_synth has unconnected port dpo[6]
WARNING: [Synth 8-3331] design dist_mem_gen_v8_0_12_synth has unconnected port dpo[5]
WARNING: [Synth 8-3331] design dist_mem_gen_v8_0_12_synth has unconnected port dpo[4]
WARNING: [Synth 8-3331] design dist_mem_gen_v8_0_12_synth has unconnected port dpo[3]
WARNING: [Synth 8-3331] design dist_mem_gen_v8_0_12_synth has unconnected port dpo[2]
WARNING: [Synth 8-3331] design dist_mem_gen_v8_0_12_synth has unconnected port dpo[1]
WARNING: [Synth 8-3331] design dist_mem_gen_v8_0_12_synth has unconnected port dpo[0]
WARNING: [Synth 8-3331] design dist_mem_gen_v8_0_12_synth has unconnected port qdpo[15]
WARNING: [Synth 8-3331] design dist_mem_gen_v8_0_12_synth has unconnected port qdpo[14]
WARNING: [Synth 8-3331] design dist_mem_gen_v8_0_12_synth has unconnected port qdpo[13]
WARNING: [Synth 8-3331] design dist_mem_gen_v8_0_12_synth has unconnected port qdpo[12]
WARNING: [Synth 8-3331] design dist_mem_gen_v8_0_12_synth has unconnected port qdpo[11]
WARNING: [Synth 8-3331] design dist_mem_gen_v8_0_12_synth has unconnected port qdpo[10]
WARNING: [Synth 8-3331] design dist_mem_gen_v8_0_12_synth has unconnected port qdpo[9]
WARNING: [Synth 8-3331] design dist_mem_gen_v8_0_12_synth has unconnected port qdpo[8]
WARNING: [Synth 8-3331] design dist_mem_gen_v8_0_12_synth has unconnected port qdpo[7]
WARNING: [Synth 8-3331] design dist_mem_gen_v8_0_12_synth has unconnected port qdpo[6]
WARNING: [Synth 8-3331] design dist_mem_gen_v8_0_12_synth has unconnected port qdpo[5]
WARNING: [Synth 8-3331] design dist_mem_gen_v8_0_12_synth has unconnected port qdpo[4]
WARNING: [Synth 8-3331] design dist_mem_gen_v8_0_12_synth has unconnected port qdpo[3]
WARNING: [Synth 8-3331] design dist_mem_gen_v8_0_12_synth has unconnected port qdpo[2]
WARNING: [Synth 8-3331] design dist_mem_gen_v8_0_12_synth has unconnected port qdpo[1]
WARNING: [Synth 8-3331] design dist_mem_gen_v8_0_12_synth has unconnected port qdpo[0]
WARNING: [Synth 8-3331] design dist_mem_gen_v8_0_12_synth has unconnected port d[15]
WARNING: [Synth 8-3331] design dist_mem_gen_v8_0_12_synth has unconnected port d[14]
WARNING: [Synth 8-3331] design dist_mem_gen_v8_0_12_synth has unconnected port d[13]
WARNING: [Synth 8-3331] design dist_mem_gen_v8_0_12_synth has unconnected port d[12]
WARNING: [Synth 8-3331] design dist_mem_gen_v8_0_12_synth has unconnected port d[11]
WARNING: [Synth 8-3331] design dist_mem_gen_v8_0_12_synth has unconnected port d[10]
WARNING: [Synth 8-3331] design dist_mem_gen_v8_0_12_synth has unconnected port d[9]
WARNING: [Synth 8-3331] design dist_mem_gen_v8_0_12_synth has unconnected port d[8]
WARNING: [Synth 8-3331] design dist_mem_gen_v8_0_12_synth has unconnected port d[7]
WARNING: [Synth 8-3331] design dist_mem_gen_v8_0_12_synth has unconnected port d[6]
WARNING: [Synth 8-3331] design dist_mem_gen_v8_0_12_synth has unconnected port d[5]
WARNING: [Synth 8-3331] design dist_mem_gen_v8_0_12_synth has unconnected port d[4]
WARNING: [Synth 8-3331] design dist_mem_gen_v8_0_12_synth has unconnected port d[3]
WARNING: [Synth 8-3331] design dist_mem_gen_v8_0_12_synth has unconnected port d[2]
WARNING: [Synth 8-3331] design dist_mem_gen_v8_0_12_synth has unconnected port d[1]
WARNING: [Synth 8-3331] design dist_mem_gen_v8_0_12_synth has unconnected port d[0]
WARNING: [Synth 8-3331] design dist_mem_gen_v8_0_12_synth has unconnected port dpra[3]
WARNING: [Synth 8-3331] design dist_mem_gen_v8_0_12_synth has unconnected port dpra[2]
WARNING: [Synth 8-3331] design dist_mem_gen_v8_0_12_synth has unconnected port dpra[1]
WARNING: [Synth 8-3331] design dist_mem_gen_v8_0_12_synth has unconnected port dpra[0]
WARNING: [Synth 8-3331] design dist_mem_gen_v8_0_12_synth has unconnected port we
WARNING: [Synth 8-3331] design dist_mem_gen_v8_0_12_synth has unconnected port i_ce
WARNING: [Synth 8-3331] design dist_mem_gen_v8_0_12_synth has unconnected port qdpo_ce
WARNING: [Synth 8-3331] design dist_mem_gen_v8_0_12_synth has unconnected port qdpo_clk
WARNING: [Synth 8-3331] design dist_mem_gen_v8_0_12_synth has unconnected port qdpo_rst
WARNING: [Synth 8-3331] design dist_mem_gen_v8_0_12_synth has unconnected port qdpo_srst
WARNING: [Synth 8-3331] design dist_mem_gen_v8_0_12 has unconnected port d[15]
WARNING: [Synth 8-3331] design dist_mem_gen_v8_0_12 has unconnected port d[14]
WARNING: [Synth 8-3331] design dist_mem_gen_v8_0_12 has unconnected port d[13]
WARNING: [Synth 8-3331] design dist_mem_gen_v8_0_12 has unconnected port d[12]
WARNING: [Synth 8-3331] design dist_mem_gen_v8_0_12 has unconnected port d[11]
WARNING: [Synth 8-3331] design dist_mem_gen_v8_0_12 has unconnected port d[10]
WARNING: [Synth 8-3331] design dist_mem_gen_v8_0_12 has unconnected port d[9]
WARNING: [Synth 8-3331] design dist_mem_gen_v8_0_12 has unconnected port d[8]
WARNING: [Synth 8-3331] design dist_mem_gen_v8_0_12 has unconnected port d[7]
WARNING: [Synth 8-3331] design dist_mem_gen_v8_0_12 has unconnected port d[6]
WARNING: [Synth 8-3331] design dist_mem_gen_v8_0_12 has unconnected port d[5]
WARNING: [Synth 8-3331] design dist_mem_gen_v8_0_12 has unconnected port d[4]
WARNING: [Synth 8-3331] design dist_mem_gen_v8_0_12 has unconnected port d[3]
WARNING: [Synth 8-3331] design dist_mem_gen_v8_0_12 has unconnected port d[2]
WARNING: [Synth 8-3331] design dist_mem_gen_v8_0_12 has unconnected port d[1]
WARNING: [Synth 8-3331] design dist_mem_gen_v8_0_12 has unconnected port d[0]
WARNING: [Synth 8-3331] design dist_mem_gen_v8_0_12 has unconnected port dpra[3]
WARNING: [Synth 8-3331] design dist_mem_gen_v8_0_12 has unconnected port dpra[2]
INFO: [Common 17-14] Message 'Synth 8-3331' appears 100 times and further instances of the messages will be disabled. Use the Tcl command set_msg_config to change the current settings.
---------------------------------------------------------------------------------
Finished RTL Elaboration : Time (s): cpu = 00:00:06 ; elapsed = 00:00:07 . Memory (MB): peak = 453.770 ; gain = 151.207
---------------------------------------------------------------------------------

Report Check Netlist: 
+------+------------------+-------+---------+-------+------------------+
|      |Item              |Errors |Warnings |Status |Description       |
+------+------------------+-------+---------+-------+------------------+
|1     |multi_driven_nets |      0|        0|Passed |Multi driven nets |
+------+------------------+-------+---------+-------+------------------+
---------------------------------------------------------------------------------
Finished RTL Optimization Phase 1 : Time (s): cpu = 00:00:06 ; elapsed = 00:00:07 . Memory (MB): peak = 453.770 ; gain = 151.207
---------------------------------------------------------------------------------
INFO: [Device 21-403] Loading part xc7a100tcsg324-1
INFO: [Project 1-570] Preparing netlist for logic optimization

Processing XDC Constraints
Initializing timing engine
Parsing XDC File [z:/ee26/lab2/lab2/lab2.srcs/sources_1/ip/dist_mem_gen_0/dist_mem_gen_0_ooc.xdc] for cell 'U0'
Finished Parsing XDC File [z:/ee26/lab2/lab2/lab2.srcs/sources_1/ip/dist_mem_gen_0/dist_mem_gen_0_ooc.xdc] for cell 'U0'
Parsing XDC File [Z:/ee26/lab2/lab2/lab2.runs/dist_mem_gen_0_synth_1/dont_touch.xdc]
Finished Parsing XDC File [Z:/ee26/lab2/lab2/lab2.runs/dist_mem_gen_0_synth_1/dont_touch.xdc]
Completed Processing XDC Constraints

INFO: [Project 1-111] Unisim Transformation Summary:
No Unisim elements were transformed.

Constraint Validation Runtime : Time (s): cpu = 00:00:00 ; elapsed = 00:00:00.007 . Memory (MB): peak = 710.000 ; gain = 0.000
---------------------------------------------------------------------------------
Finished Constraint Validation : Time (s): cpu = 00:00:16 ; elapsed = 00:00:18 . Memory (MB): peak = 710.000 ; gain = 407.438
---------------------------------------------------------------------------------
---------------------------------------------------------------------------------
Start Loading Part and Timing Information
---------------------------------------------------------------------------------
Loading part: xc7a100tcsg324-1
---------------------------------------------------------------------------------
Finished Loading Part and Timing Information : Time (s): cpu = 00:00:16 ; elapsed = 00:00:18 . Memory (MB): peak = 710.000 ; gain = 407.438
---------------------------------------------------------------------------------
---------------------------------------------------------------------------------
Start Applying 'set_property' XDC Constraints
---------------------------------------------------------------------------------
Applied set_property DONT_TOUCH = true for U0. (constraint file  Z:/ee26/lab2/lab2/lab2.runs/dist_mem_gen_0_synth_1/dont_touch.xdc, line 9).
---------------------------------------------------------------------------------
Finished applying 'set_property' XDC Constraints : Time (s): cpu = 00:00:16 ; elapsed = 00:00:18 . Memory (MB): peak = 710.000 ; gain = 407.438
---------------------------------------------------------------------------------
---------------------------------------------------------------------------------
Finished RTL Optimization Phase 2 : Time (s): cpu = 00:00:16 ; elapsed = 00:00:18 . Memory (MB): peak = 710.000 ; gain = 407.438
---------------------------------------------------------------------------------

Report RTL Partitions: 
+-+--------------+------------+----------+
| |RTL Partition |Replication |Instances |
+-+--------------+------------+----------+
+-+--------------+------------+----------+
---------------------------------------------------------------------------------
Start RTL Component Statistics 
---------------------------------------------------------------------------------
Detailed RTL Component Info : 
---------------------------------------------------------------------------------
Finished RTL Component Statistics 
---------------------------------------------------------------------------------
---------------------------------------------------------------------------------
Start RTL Hierarchical Component Statistics 
---------------------------------------------------------------------------------
Hierarchical RTL Component report 
---------------------------------------------------------------------------------
Finished RTL Hierarchical Component Statistics
---------------------------------------------------------------------------------
---------------------------------------------------------------------------------
Start Part Resource Summary
---------------------------------------------------------------------------------
Part Resources:
DSPs: 240 (col length:80)
BRAMs: 270 (col length: RAMB18 80 RAMB36 40)
---------------------------------------------------------------------------------
Finished Part Resource Summary
---------------------------------------------------------------------------------
---------------------------------------------------------------------------------
Start Cross Boundary and Area Optimization
---------------------------------------------------------------------------------
---------------------------------------------------------------------------------
Finished Cross Boundary and Area Optimization : Time (s): cpu = 00:00:16 ; elapsed = 00:00:19 . Memory (MB): peak = 710.000 ; gain = 407.438
---------------------------------------------------------------------------------

Report RTL Partitions: 
+-+--------------+------------+----------+
| |RTL Partition |Replication |Instances |
+-+--------------+------------+----------+
+-+--------------+------------+----------+
---------------------------------------------------------------------------------
Start Applying XDC Timing Constraints
---------------------------------------------------------------------------------
---------------------------------------------------------------------------------
Finished Applying XDC Timing Constraints : Time (s): cpu = 00:00:23 ; elapsed = 00:00:26 . Memory (MB): peak = 766.734 ; gain = 464.172
---------------------------------------------------------------------------------
---------------------------------------------------------------------------------
Start Timing Optimization
---------------------------------------------------------------------------------
---------------------------------------------------------------------------------
Finished Timing Optimization : Time (s): cpu = 00:00:23 ; elapsed = 00:00:26 . Memory (MB): peak = 766.734 ; gain = 464.172
---------------------------------------------------------------------------------

Report RTL Partitions: 
+-+--------------+------------+----------+
| |RTL Partition |Replication |Instances |
+-+--------------+------------+----------+
+-+--------------+------------+----------+
---------------------------------------------------------------------------------
Start Technology Mapping
---------------------------------------------------------------------------------
---------------------------------------------------------------------------------
Finished Technology Mapping : Time (s): cpu = 00:00:23 ; elapsed = 00:00:26 . Memory (MB): peak = 776.262 ; gain = 473.699
---------------------------------------------------------------------------------

Report RTL Partitions: 
+-+--------------+------------+----------+
| |RTL Partition |Replication |Instances |
+-+--------------+------------+----------+
+-+--------------+------------+----------+
---------------------------------------------------------------------------------
Start IO Insertion
---------------------------------------------------------------------------------
---------------------------------------------------------------------------------
Start Flattening Before IO Insertion
---------------------------------------------------------------------------------
---------------------------------------------------------------------------------
Finished Flattening Before IO Insertion
---------------------------------------------------------------------------------
---------------------------------------------------------------------------------
Start Final Netlist Cleanup
---------------------------------------------------------------------------------
---------------------------------------------------------------------------------
Finished Final Netlist Cleanup
---------------------------------------------------------------------------------
---------------------------------------------------------------------------------
Finished IO Insertion : Time (s): cpu = 00:00:24 ; elapsed = 00:00:27 . Memory (MB): peak = 776.262 ; gain = 473.699
---------------------------------------------------------------------------------

Report Check Netlist: 
+------+------------------+-------+---------+-------+------------------+
|      |Item              |Errors |Warnings |Status |Description       |
+------+------------------+-------+---------+-------+------------------+
|1     |multi_driven_nets |      0|        0|Passed |Multi driven nets |
+------+------------------+-------+---------+-------+------------------+
---------------------------------------------------------------------------------
Start Renaming Generated Instances
---------------------------------------------------------------------------------
---------------------------------------------------------------------------------
Finished Renaming Generated Instances : Time (s): cpu = 00:00:24 ; elapsed = 00:00:27 . Memory (MB): peak = 776.262 ; gain = 473.699
---------------------------------------------------------------------------------

Report RTL Partitions: 
+-+--------------+------------+----------+
| |RTL Partition |Replication |Instances |
+-+--------------+------------+----------+
+-+--------------+------------+----------+
---------------------------------------------------------------------------------
Start Rebuilding User Hierarchy
---------------------------------------------------------------------------------
---------------------------------------------------------------------------------
Finished Rebuilding User Hierarchy : Time (s): cpu = 00:00:24 ; elapsed = 00:00:27 . Memory (MB): peak = 776.262 ; gain = 473.699
---------------------------------------------------------------------------------
---------------------------------------------------------------------------------
Start Renaming Generated Ports
---------------------------------------------------------------------------------
---------------------------------------------------------------------------------
Finished Renaming Generated Ports : Time (s): cpu = 00:00:24 ; elapsed = 00:00:27 . Memory (MB): peak = 776.262 ; gain = 473.699
---------------------------------------------------------------------------------
---------------------------------------------------------------------------------
Start Handling Custom Attributes
---------------------------------------------------------------------------------
---------------------------------------------------------------------------------
Finished Handling Custom Attributes : Time (s): cpu = 00:00:24 ; elapsed = 00:00:27 . Memory (MB): peak = 776.262 ; gain = 473.699
---------------------------------------------------------------------------------
---------------------------------------------------------------------------------
Start Renaming Generated Nets
---------------------------------------------------------------------------------
---------------------------------------------------------------------------------
Finished Renaming Generated Nets : Time (s): cpu = 00:00:24 ; elapsed = 00:00:27 . Memory (MB): peak = 776.262 ; gain = 473.699
---------------------------------------------------------------------------------
---------------------------------------------------------------------------------
Start Writing Synthesis Report
---------------------------------------------------------------------------------

Report BlackBoxes: 
+-+--------------+----------+
| |BlackBox name |Instances |
+-+--------------+----------+
+-+--------------+----------+

Report Cell Usage: 
+-+-----+------+
| |Cell |Count |
+-+-----+------+
+-+-----+------+

Report Instance Areas: 
+------+---------+---------------------+------+
|      |Instance |Module               |Cells |
+------+---------+---------------------+------+
|1     |top      |                     |     0|
|2     |  U0     |dist_mem_gen_v8_0_12 |     0|
+------+---------+---------------------+------+
---------------------------------------------------------------------------------
Finished Writing Synthesis Report : Time (s): cpu = 00:00:24 ; elapsed = 00:00:27 . Memory (MB): peak = 776.262 ; gain = 473.699
---------------------------------------------------------------------------------
Synthesis finished with 0 errors, 0 critical warnings and 82 warnings.
Synthesis Optimization Runtime : Time (s): cpu = 00:00:13 ; elapsed = 00:00:21 . Memory (MB): peak = 776.262 ; gain = 217.469
Synthesis Optimization Complete : Time (s): cpu = 00:00:24 ; elapsed = 00:00:27 . Memory (MB): peak = 776.262 ; gain = 473.699
INFO: [Project 1-571] Translating synthesized netlist
INFO: [Project 1-570] Preparing netlist for logic optimization
INFO: [Opt 31-138] Pushed 0 inverter(s) to 0 load pin(s).
INFO: [Project 1-111] Unisim Transformation Summary:
No Unisim elements were transformed.

INFO: [Common 17-83] Releasing license: Synthesis
13 Infos, 100 Warnings, 0 Critical Warnings and 0 Errors encountered.
synth_design completed successfully
synth_design: Time (s): cpu = 00:00:26 ; elapsed = 00:00:29 . Memory (MB): peak = 794.902 ; gain = 503.816
INFO: [Common 17-1381] The checkpoint 'Z:/ee26/lab2/lab2/lab2.runs/dist_mem_gen_0_synth_1/dist_mem_gen_0.dcp' has been generated.
