Copyright 1986-2019 Xilinx, Inc. All Rights Reserved.
----------------------------------------------------------------------------------------------------------------------------------------------------
| Tool Version     : Vivado v.2019.2 (win64) Build 2708876 Wed Nov  6 21:40:23 MST 2019
| Date             : Fri Apr  3 12:07:29 2020
| Host             : DESKTOP-C55NBCU running 64-bit major release  (build 9200)
| Command          : report_power -file fft_8point_power_routed.rpt -pb fft_8point_power_summary_routed.pb -rpx fft_8point_power_routed.rpx
| Design           : fft_8point
| Device           : xc7a100tcsg324-1
| Design State     : routed
| Grade            : commercial
| Process          : typical
| Characterization : Production
----------------------------------------------------------------------------------------------------------------------------------------------------

Power Report

Table of Contents
-----------------
1. Summary
1.1 On-Chip Components
1.2 Power Supply Summary
1.3 Confidence Level
2. Settings
2.1 Environment
2.2 Clock Constraints
3. Detailed Reports
3.1 By Hierarchy

1. Summary
----------

+--------------------------+-----------------------------------+
| Total On-Chip Power (W)  | 229.039 (Junction temp exceeded!) |
| Design Power Budget (W)  | Unspecified*                      |
| Power Budget Margin (W)  | NA                                |
| Dynamic (W)              | 228.242                           |
| Device Static (W)        | 0.797                             |
| Effective TJA (C/W)      | 4.6                               |
| Max Ambient (C)          | 0.0                               |
| Junction Temperature (C) | 125.0                             |
| Confidence Level         | Low                               |
| Setting File             | ---                               |
| Simulation Activity File | ---                               |
| Design Nets Matched      | NA                                |
+--------------------------+-----------------------------------+
* Specify Design Power Budget using, set_operating_conditions -design_power_budget <value in Watts>


1.1 On-Chip Components
----------------------

+-------------------------+-----------+----------+-----------+-----------------+
| On-Chip                 | Power (W) | Used     | Available | Utilization (%) |
+-------------------------+-----------+----------+-----------+-----------------+
| Slice Logic             |    57.881 |    69723 |       --- |             --- |
|   LUT as Logic          |    47.188 |    18008 |     63400 |           28.40 |
|   Register              |     7.245 |    32873 |    126800 |           25.93 |
|   CARRY4                |     1.977 |     1808 |     15850 |           11.41 |
|   LUT as Shift Register |     1.453 |      965 |     19000 |            5.08 |
|   F7/F8 Muxes           |     0.012 |       16 |     63400 |            0.03 |
|   BUFG                  |     0.006 |        1 |        32 |            3.13 |
|   Others                |     0.000 |     8601 |       --- |             --- |
| Signals                 |    91.628 |    48482 |       --- |             --- |
| DSPs                    |    66.443 |      216 |       240 |           90.00 |
| I/O                     |    12.290 |       21 |       210 |           10.00 |
| Static Power            |     0.797 |          |           |                 |
| Total                   |   229.039 |          |           |                 |
+-------------------------+-----------+----------+-----------+-----------------+


1.2 Power Supply Summary
------------------------

+-----------+-------------+-----------+-------------+------------+
| Source    | Voltage (V) | Total (A) | Dynamic (A) | Static (A) |
+-----------+-------------+-----------+-------------+------------+
| Vccint    |       1.000 |   216.534 |     215.972 |      0.563 |
| Vccaux    |       1.800 |     0.542 |       0.450 |      0.093 |
| Vcco33    |       3.300 |     3.477 |       3.473 |      0.004 |
| Vcco25    |       2.500 |     0.000 |       0.000 |      0.000 |
| Vcco18    |       1.800 |     0.000 |       0.000 |      0.000 |
| Vcco15    |       1.500 |     0.000 |       0.000 |      0.000 |
| Vcco135   |       1.350 |     0.000 |       0.000 |      0.000 |
| Vcco12    |       1.200 |     0.000 |       0.000 |      0.000 |
| Vccaux_io |       1.800 |     0.000 |       0.000 |      0.000 |
| Vccbram   |       1.000 |     0.018 |       0.000 |      0.018 |
| MGTAVcc   |       1.000 |     0.000 |       0.000 |      0.000 |
| MGTAVtt   |       1.200 |     0.000 |       0.000 |      0.000 |
| Vccadc    |       1.800 |     0.020 |       0.000 |      0.020 |
+-----------+-------------+-----------+-------------+------------+


1.3 Confidence Level
--------------------

+-----------------------------+------------+--------------------------------------------------------+--------------------------------------------------------------------------------------------------------------------+
| User Input Data             | Confidence | Details                                                | Action                                                                                                             |
+-----------------------------+------------+--------------------------------------------------------+--------------------------------------------------------------------------------------------------------------------+
| Design implementation state | High       | Design is routed                                       |                                                                                                                    |
| Clock nodes activity        | Low        | User specified less than 75% of clocks                 | Provide missing clock activity with a constraint file, simulation results or by editing the "By Clock Domain" view |
| I/O nodes activity          | Low        | More than 75% of inputs are missing user specification | Provide missing input activity with simulation results or by editing the "By Resource Type -> I/Os" view           |
| Internal nodes activity     | Medium     | User specified less than 25% of internal nodes         | Provide missing internal nodes activity with simulation results or by editing the "By Resource Type" views         |
| Device models               | High       | Device models are Production                           |                                                                                                                    |
|                             |            |                                                        |                                                                                                                    |
| Overall confidence level    | Low        |                                                        |                                                                                                                    |
+-----------------------------+------------+--------------------------------------------------------+--------------------------------------------------------------------------------------------------------------------+


2. Settings
-----------

2.1 Environment
---------------

+-----------------------+--------------------------+
| Ambient Temp (C)      | 25.0                     |
| ThetaJA (C/W)         | 4.6                      |
| Airflow (LFM)         | 250                      |
| Heat Sink             | medium (Medium Profile)  |
| ThetaSA (C/W)         | 4.6                      |
| Board Selection       | medium (10"x10")         |
| # of Board Layers     | 12to15 (12 to 15 Layers) |
| Board Temperature (C) | 25.0                     |
+-----------------------+--------------------------+


2.2 Clock Constraints
---------------------

+-------+--------+-----------------+
| Clock | Domain | Constraint (ns) |
+-------+--------+-----------------+


3. Detailed Reports
-------------------

3.1 By Hierarchy
----------------

+------------------------------------------+-----------+
| Name                                     | Power (W) |
+------------------------------------------+-----------+
| fft_8point                               |   228.242 |
|   butterfly                              |    58.189 |
|     addition_gen[0].addition             |     5.658 |
|       U0                                 |     5.658 |
|     addition_gen[1].addition             |     5.149 |
|       U0                                 |     5.149 |
|     addition_gen[2].addition             |     6.366 |
|       U0                                 |     6.366 |
|     addition_gen[3].addition             |     6.467 |
|       U0                                 |     6.467 |
|     multiplication_gen[0].multiplication |     2.625 |
|       U0                                 |     2.625 |
|     multiplication_gen[1].multiplication |     2.667 |
|       U0                                 |     2.667 |
|     multiplication_gen[2].multiplication |     2.955 |
|       U0                                 |     2.955 |
|     multiplication_gen[3].multiplication |     2.613 |
|       U0                                 |     2.613 |
|     subtraction_gen[0].subtraction       |     5.989 |
|       U0                                 |     5.989 |
|     subtraction_gen[1].subtraction       |     5.677 |
|       U0                                 |     5.677 |
|     subtraction_gen[2].subtraction       |     6.174 |
|       U0                                 |     6.174 |
|     subtraction_gen[3].subtraction       |     5.527 |
|       U0                                 |     5.527 |
|   display                                |     0.364 |
|     display                              |     0.364 |
|   stage1_gen[0].butterfly1               |    11.777 |
|     addition_gen[0].addition             |     0.370 |
|       U0                                 |     0.370 |
|     addition_gen[1].addition             |     0.492 |
|       U0                                 |     0.492 |
|     addition_gen[2].addition             |     1.509 |
|       U0                                 |     1.509 |
|     addition_gen[3].addition             |     1.586 |
|       U0                                 |     1.586 |
|     multiplication_gen[0].multiplication |     0.590 |
|       U0                                 |     0.590 |
|     multiplication_gen[1].multiplication |     0.567 |
|       U0                                 |     0.567 |
|     multiplication_gen[2].multiplication |     0.609 |
|       U0                                 |     0.609 |
|     multiplication_gen[3].multiplication |     0.587 |
|       U0                                 |     0.587 |
|     subtraction_gen[0].subtraction       |     1.686 |
|       U0                                 |     1.686 |
|     subtraction_gen[1].subtraction       |     1.641 |
|       U0                                 |     1.641 |
|     subtraction_gen[2].subtraction       |     1.711 |
|       U0                                 |     1.711 |
|     subtraction_gen[3].subtraction       |     0.428 |
|       U0                                 |     0.428 |
|   stage1_gen[1].butterfly1               |    12.922 |
|     addition_gen[0].addition             |     0.532 |
|       U0                                 |     0.532 |
|     addition_gen[1].addition             |     0.419 |
|       U0                                 |     0.419 |
|     addition_gen[2].addition             |     1.488 |
|       U0                                 |     1.488 |
|     addition_gen[3].addition             |     1.520 |
|       U0                                 |     1.520 |
|     multiplication_gen[0].multiplication |     0.581 |
|       U0                                 |     0.581 |
|     multiplication_gen[1].multiplication |     0.585 |
|       U0                                 |     0.585 |
|     multiplication_gen[2].multiplication |     0.566 |
|       U0                                 |     0.566 |
|     multiplication_gen[3].multiplication |     0.554 |
|       U0                                 |     0.554 |
|     subtraction_gen[0].subtraction       |     1.766 |
|       U0                                 |     1.766 |
|     subtraction_gen[1].subtraction       |     0.497 |
|       U0                                 |     0.497 |
|     subtraction_gen[2].subtraction       |     1.838 |
|       U0                                 |     1.838 |
|     subtraction_gen[3].subtraction       |     2.577 |
|       U0                                 |     2.577 |
|   stage1_gen[2].butterfly1               |    14.621 |
|     addition_gen[0].addition             |     0.748 |
|       U0                                 |     0.748 |
|     addition_gen[1].addition             |     0.915 |
|       U0                                 |     0.915 |
|     addition_gen[2].addition             |     1.578 |
|       U0                                 |     1.578 |
|     addition_gen[3].addition             |     1.603 |
|       U0                                 |     1.603 |
|     multiplication_gen[0].multiplication |     0.567 |
|       U0                                 |     0.567 |
|     multiplication_gen[1].multiplication |     0.601 |
|       U0                                 |     0.601 |
|     multiplication_gen[2].multiplication |     0.633 |
|       U0                                 |     0.633 |
|     multiplication_gen[3].multiplication |     0.573 |
|       U0                                 |     0.573 |
|     subtraction_gen[0].subtraction       |     1.631 |
|       U0                                 |     1.631 |
|     subtraction_gen[1].subtraction       |     2.259 |
|       U0                                 |     2.259 |
|     subtraction_gen[2].subtraction       |     1.661 |
|       U0                                 |     1.661 |
|     subtraction_gen[3].subtraction       |     1.853 |
|       U0                                 |     1.853 |
|   stage1_gen[3].butterfly1               |    14.492 |
|     addition_gen[0].addition             |     1.046 |
|       U0                                 |     1.046 |
|     addition_gen[1].addition             |     0.659 |
|       U0                                 |     0.659 |
|     addition_gen[2].addition             |     1.415 |
|       U0                                 |     1.415 |
|     addition_gen[3].addition             |     1.490 |
|       U0                                 |     1.490 |
|     multiplication_gen[0].multiplication |     0.645 |
|       U0                                 |     0.645 |
|     multiplication_gen[1].multiplication |     0.597 |
|       U0                                 |     0.597 |
|     multiplication_gen[2].multiplication |     0.558 |
|       U0                                 |     0.558 |
|     multiplication_gen[3].multiplication |     0.570 |
|       U0                                 |     0.570 |
|     subtraction_gen[0].subtraction       |     1.729 |
|       U0                                 |     1.729 |
|     subtraction_gen[1].subtraction       |     2.176 |
|       U0                                 |     2.176 |
|     subtraction_gen[2].subtraction       |     1.653 |
|       U0                                 |     1.653 |
|     subtraction_gen[3].subtraction       |     1.954 |
|       U0                                 |     1.954 |
|   stage2_gen1[0].butterfly2              |    21.086 |
|     addition_gen[0].addition             |     1.498 |
|       U0                                 |     1.498 |
|     addition_gen[1].addition             |     1.288 |
|       U0                                 |     1.288 |
|     addition_gen[2].addition             |     2.334 |
|       U0                                 |     2.334 |
|     addition_gen[3].addition             |     2.654 |
|       U0                                 |     2.654 |
|     multiplication_gen[0].multiplication |     0.667 |
|       U0                                 |     0.667 |
|     multiplication_gen[1].multiplication |     0.665 |
|       U0                                 |     0.665 |
|     multiplication_gen[2].multiplication |     0.706 |
|       U0                                 |     0.706 |
|     multiplication_gen[3].multiplication |     0.620 |
|       U0                                 |     0.620 |
|     subtraction_gen[0].subtraction       |     2.327 |
|       U0                                 |     2.327 |
|     subtraction_gen[1].subtraction       |     3.195 |
|       U0                                 |     3.195 |
|     subtraction_gen[2].subtraction       |     2.451 |
|       U0                                 |     2.451 |
|     subtraction_gen[3].subtraction       |     2.680 |
|       U0                                 |     2.680 |
|   stage2_gen1[1].butterfly2              |    20.888 |
|     addition_gen[0].addition             |     1.417 |
|       U0                                 |     1.417 |
|     addition_gen[1].addition             |     1.514 |
|       U0                                 |     1.514 |
|     addition_gen[2].addition             |     2.217 |
|       U0                                 |     2.217 |
|     addition_gen[3].addition             |     2.151 |
|       U0                                 |     2.151 |
|     multiplication_gen[0].multiplication |     0.728 |
|       U0                                 |     0.728 |
|     multiplication_gen[1].multiplication |     0.656 |
|       U0                                 |     0.656 |
|     multiplication_gen[2].multiplication |     0.664 |
|       U0                                 |     0.664 |
|     multiplication_gen[3].multiplication |     0.674 |
|       U0                                 |     0.674 |
|     subtraction_gen[0].subtraction       |     2.531 |
|       U0                                 |     2.531 |
|     subtraction_gen[1].subtraction       |     2.763 |
|       U0                                 |     2.763 |
|     subtraction_gen[2].subtraction       |     2.526 |
|       U0                                 |     2.526 |
|     subtraction_gen[3].subtraction       |     3.049 |
|       U0                                 |     3.049 |
|   stage2_gen2[4].butterfly2              |    29.531 |
|     addition_gen[0].addition             |     4.805 |
|       U0                                 |     4.805 |
|     addition_gen[1].addition             |     1.395 |
|       U0                                 |     1.395 |
|     addition_gen[2].addition             |     2.806 |
|       U0                                 |     2.806 |
|     addition_gen[3].addition             |     2.721 |
|       U0                                 |     2.721 |
|     multiplication_gen[0].multiplication |     0.782 |
|       U0                                 |     0.782 |
|     multiplication_gen[1].multiplication |     0.858 |
|       U0                                 |     0.858 |
|     multiplication_gen[2].multiplication |     0.715 |
|       U0                                 |     0.715 |
|     multiplication_gen[3].multiplication |     0.854 |
|       U0                                 |     0.854 |
|     subtraction_gen[0].subtraction       |     2.679 |
|       U0                                 |     2.679 |
|     subtraction_gen[1].subtraction       |     4.915 |
|       U0                                 |     4.915 |
|     subtraction_gen[2].subtraction       |     2.614 |
|       U0                                 |     2.614 |
|     subtraction_gen[3].subtraction       |     2.857 |
|       U0                                 |     2.857 |
|   stage2_gen2[5].butterfly2              |    30.526 |
|     addition_gen[0].addition             |     1.281 |
|       U0                                 |     1.281 |
|     addition_gen[1].addition             |     5.483 |
|       U0                                 |     5.483 |
|     addition_gen[2].addition             |     2.821 |
|       U0                                 |     2.821 |
|     addition_gen[3].addition             |     2.787 |
|       U0                                 |     2.787 |
|     multiplication_gen[0].multiplication |     0.790 |
|       U0                                 |     0.790 |
|     multiplication_gen[1].multiplication |     0.852 |
|       U0                                 |     0.852 |
|     multiplication_gen[2].multiplication |     0.748 |
|       U0                                 |     0.748 |
|     multiplication_gen[3].multiplication |     0.850 |
|       U0                                 |     0.850 |
|     subtraction_gen[0].subtraction       |     2.604 |
|       U0                                 |     2.604 |
|     subtraction_gen[1].subtraction       |     2.812 |
|       U0                                 |     2.812 |
|     subtraction_gen[2].subtraction       |     2.600 |
|       U0                                 |     2.600 |
|     subtraction_gen[3].subtraction       |     5.698 |
|       U0                                 |     5.698 |
+------------------------------------------+-----------+


