#-----------------------------------------------------------
# Vivado v2019.2 (64-bit)
# SW Build 2708876 on Wed Nov  6 21:40:23 MST 2019
# IP Build 2700528 on Thu Nov  7 00:09:20 MST 2019
# Start of session at: Sat Mar 28 10:43:33 2020
# Process ID: 17552
# Current directory: C:/Users/kptho/Desktop/Spring 2020 Semester/EE 26/Labs/EE-26-Lab-Project-Repo/lab3
# Command line: vivado.exe -gui_launcher_event rodinguilauncherevent8324 C:\Users\kptho\Desktop\Spring 2020 Semester\EE 26\Labs\EE-26-Lab-Project-Repo\lab3\lab3.xpr
# Log file: C:/Users/kptho/Desktop/Spring 2020 Semester/EE 26/Labs/EE-26-Lab-Project-Repo/lab3/vivado.log
# Journal file: C:/Users/kptho/Desktop/Spring 2020 Semester/EE 26/Labs/EE-26-Lab-Project-Repo/lab3\vivado.jou
#-----------------------------------------------------------
start_gui
open_project {C:/Users/kptho/Desktop/Spring 2020 Semester/EE 26/Labs/EE-26-Lab-Project-Repo/lab3/lab3.xpr}
INFO: [ProjectBase 1-489] The host OS only allows 260 characters in a normal path. The project is stored in a path with more than 80 characters. If you experience issues with IP, Block Designs, or files not being found, please consider moving the project to a location with a shorter path. Alternately consider using the OS subst command to map part of the path to a drive letter.
Current project path is 'C:/Users/kptho/Desktop/Spring 2020 Semester/EE 26/Labs/EE-26-Lab-Project-Repo/lab3'
INFO: [Project 1-313] Project file moved from 'Z:/ee26/lab3' since last save.
Scanning sources...
Finished scanning sources
INFO: [Project 1-230] Project 'lab3.xpr' upgraded for this version of Vivado.
INFO: [IP_Flow 19-234] Refreshing IP repositories
INFO: [IP_Flow 19-1704] No user IP repositories specified
INFO: [Common 17-41] Interrupt caught. Command should exit soon.
INFO: [IP_Flow 19-2313] Loaded Vivado IP repository 'C:/Users/kptho/Documents/Vivado/2019.2/data/ip'.
INFO: [IP_Flow 19-2338] Canceling the changes to the IP catalog. Reverting the catalog back to its previous state.
INFO: [IP_Flow 19-2340] The IP catalog has been returned to its previous state.
INFO: [Common 17-344] 'open_project' was cancelled
exit
INFO: [Common 17-206] Exiting Vivado at Sat Mar 28 10:45:05 2020...
